[2026-03-15T19:56:24.860Z] ERROR: Walmart blocked or redirected: https://www.walmart.com/blocked?url=L2lwLzUzMjYyODg5ODU=&uuid=090c37a5-20a9-11f1-8679-99fa8930039c&vid=&g=b

--------------------------------------------------
[2026-03-15T19:56:37.487Z] ERROR: Walmart blocked or redirected: https://www.walmart.com/blocked?url=L2lwLzUzMjYyODg5ODU=&uuid=1107508a-20a9-11f1-a0c9-b5da6e7d2be5&vid=&g=b

--------------------------------------------------
[2026-03-15T19:57:43.342Z] ERROR: Walmart blocked or redirected: https://www.walmart.com/blocked?url=L2lwLzUzMjYyODg5ODU=&uuid=36f74173-20a9-11f1-80eb-4c95839129ca&vid=&g=b

--------------------------------------------------
[2026-03-15T19:57:50.737Z] ERROR: Walmart blocked or redirected: https://www.walmart.com/blocked?url=L2lwLzUzMjYyODg5ODU=&uuid=3d96afed-20a9-11f1-97dd-9f74f1074b20&vid=&g=b

--------------------------------------------------
[2026-03-15T19:59:04.994Z] ERROR: Walmart blocked or redirected: https://www.walmart.com/blocked?url=L2lwLzUzMjYyODg5ODU=&uuid=6647166e-20a9-11f1-addc-651861e7710e&vid=&g=b

--------------------------------------------------
[2026-03-15T19:59:10.867Z] ERROR: Walmart blocked or redirected: https://www.walmart.com/blocked?url=L2lwLzUzMjYyODg5ODU=&uuid=6e5c48ce-20a9-11f1-a575-40e8d95fa784&vid=&g=b

--------------------------------------------------
[2026-03-15T20:02:00.154Z] ERROR: Walmart blocked or redirected: https://www.walmart.com/blocked?url=L2lwLzUzMjYyODg5ODU=&uuid=cdb36bca-20a9-11f1-b6c7-9ec68a76e3a4&vid=&g=b

--------------------------------------------------
[2026-03-15T20:02:11.266Z] ERROR: Walmart blocked or redirected: https://www.walmart.com/blocked?url=L2lwLzUzMjYyODg5ODU=&uuid=ce0246b2-20a9-11f1-ab93-934c3926f43e&vid=&g=b

--------------------------------------------------
[2026-03-15T20:02:31.601Z] ERROR: Walmart blocked or redirected: https://www.walmart.com/blocked?url=L2lwLzUzMjYyODg5ODU=&uuid=e2e16040-20a9-11f1-8e7f-9780db0d3c84&vid=&g=b

--------------------------------------------------
[2026-03-15T20:02:32.246Z] ERROR: Walmart blocked or redirected: https://www.walmart.com/blocked?url=L2lwLzUzMjYyODg5ODU=&uuid=e39234cb-20a9-11f1-b944-9353b871772c&vid=&g=b

--------------------------------------------------
[2026-03-15T20:05:50.044Z] ERROR: Walmart blocked the request (PerimeterX triggered). URL: https://www.walmart.com/blocked?url=L2lwLzUzMjYyODg5ODU=&uuid=52e00be0-20aa-11f1-9a02-a936cd746e87&vid=58ed813d-20aa-11f1-af85-7b80b6edc530&g=b

--------------------------------------------------
[2026-03-15T20:06:02.486Z] ERROR: Walmart blocked the request (PerimeterX triggered). URL: https://www.walmart.com/blocked?url=L2lwLzUzMjYyODg5ODU=&uuid=5fedb8a0-20aa-11f1-9641-49d58d96486b&vid=6130f5c1-20aa-11f1-a810-9d22bc5fe0df&g=b

--------------------------------------------------
Unit Test Run at 2026-03-15T20:19:50.561Z
Unit Test Run at 2026-03-15T20:20:14.300Z
Unit Test Run at 2026-03-15T20:21:10.316Z
Unit Test Run at 2026-03-15T20:21:33.695Z
